<?xml version="1.0" encoding="UTF-8"?>
<!-- Generated by org.testng.reporters.JUnitReportReporter -->
<testsuite hostname="MSI" failures="0" tests="1" name="com.espocrm.tests.LoginSmokeTest" time="2.378" errors="0" timestamp="2025-05-01T22:55:55 IST" skipped="0">
  <testcase classname="com.espocrm.tests.LoginSmokeTest" name="verifyPageTitle" time="2.378"/>
</testsuite> <!-- com.espocrm.tests.LoginSmokeTest -->
